<?xml version="1.0" encoding="utf-8" standalone="no"?>
<!--This file represents the results of running a test suite-->
<test-results name="D:\Projects\Pluralsight\RestaurantCentral\RestaurantCentral.Test\bin\Debug\RestaurantCentral.Test.dll" total="7" errors="0" failures="0" not-run="0" inconclusive="0" ignored="0" skipped="0" invalid="0" date="2016-02-18" time="15:21:43">
  <environment nunit-version="2.6.3.13283" clr-version="2.0.50727.5485" os-version="Microsoft Windows NT 6.1.7601 Service Pack 1" platform="Win32NT" cwd="D:\Projects\Pluralsight\RestaurantCentral\packages\NUnit.3.0.1\tools" machine-name="VPETROV" user="VPETROV" user-domain="GROSVENOR" />
  <culture-info current-culture="en-US" current-uiculture="en-US" />
  <test-suite type="Assembly" name="D:\Projects\Pluralsight\RestaurantCentral\RestaurantCentral.Test\bin\Debug\RestaurantCentral.Test.dll" executed="True" result="Success" success="True" time="0.276" asserts="0">
    <results>
      <test-suite type="Namespace" name="RestaurantCentral" executed="True" result="Success" success="True" time="0.270" asserts="0">
        <results>
          <test-suite type="Namespace" name="Test" executed="True" result="Success" success="True" time="0.270" asserts="0">
            <results>
              <test-suite type="Namespace" name="ReviewTests" executed="True" result="Success" success="True" time="0.270" asserts="0">
                <results>
                  <test-suite type="TestFixture" name="ReviewsControllerTests" executed="True" result="Success" success="True" time="0.256" asserts="0">
                    <results>
                      <test-case name="RestaurantCentral.Test.ReviewTests.ReviewsControllerTests.Edit_Action_Saves_Changes" executed="True" result="Success" success="True" time="0.146" asserts="0" />
                      <test-case name="RestaurantCentral.Test.ReviewTests.ReviewsControllerTests.Edit_Action_Saves_Updated_Review" executed="True" result="Success" success="True" time="0.067" asserts="0" />
                      <test-case name="RestaurantCentral.Test.ReviewTests.ReviewsControllerTests.Index_Action_Model_Is_Three_Reviews" executed="True" result="Success" success="True" time="0.034" asserts="0" />
                    </results>
                  </test-suite>
                  <test-suite type="TestFixture" name="TestClass" executed="True" result="Success" success="True" time="0.012" asserts="0">
                    <results>
                      <test-case name="RestaurantCentral.Test.ReviewTests.TestClass.Rating_Includes_Only_First_N_Reviews" executed="True" result="Success" success="True" time="0.006" asserts="0" />
                      <test-case name="RestaurantCentral.Test.ReviewTests.TestClass.Simple_Averaging_For_One_Review" executed="True" result="Success" success="True" time="0.000" asserts="0" />
                      <test-case name="RestaurantCentral.Test.ReviewTests.TestClass.Simple_Averaging_For_Two_Reviews" executed="True" result="Success" success="True" time="0.000" asserts="0" />
                      <test-case name="RestaurantCentral.Test.ReviewTests.TestClass.Weighted_Averaging_For_Two_Reviews" executed="True" result="Success" success="True" time="0.001" asserts="0" />
                    </results>
                  </test-suite>
                </results>
              </test-suite>
            </results>
          </test-suite>
        </results>
      </test-suite>
    </results>
  </test-suite>
</test-results>