<?xml version="1.0" encoding="utf-8" standalone="no"?>
<test-run id="2" testcasecount="0" result="Passed" total="0" passed="0" failed="0" inconclusive="0" skipped="0" asserts="0" engine-version="3.0.5813.39036" clr-version="4.0.30319.42000" start-time="2016-02-12 17:09:12Z" end-time="2016-02-12 17:09:12Z" duration="0.043815">
  <command-line><![CDATA[D:\Projects\Pluralsight\OdeToFood\\packages\NUnit.Console.3.0.1\tools\nunit3-console.exe  D:\Projects\Pluralsight\OdeToFood\OdeToFood.Tests\bin\Debug\OdeToFood.Tests.dll]]></command-line>
  <test-suite type="Assembly" id="0-1001" name="OdeToFood.Tests.dll" fullname="D:\Projects\Pluralsight\OdeToFood\OdeToFood.Tests\bin\Debug\OdeToFood.Tests.dll" runstate="Runnable" testcasecount="0" result="Passed" start-time="2016-02-12 17:09:12Z" end-time="2016-02-12 17:09:12Z" duration="0.011539" total="0" passed="0" failed="0" inconclusive="0" skipped="0" asserts="0">
    <environment framework-version="3.0.5813.39031" clr-version="4.0.30319.42000" os-version="Microsoft Windows NT 6.1.7601 Service Pack 1" platform="Win32NT" cwd="D:\Projects\Pluralsight\OdeToFood\OdeToFood.Tests\bin\Debug" machine-name="VPETROV" user="VPETROV" user-domain="GROSVENOR" culture="en-US" uiculture="en-US" os-architecture="x64" />
    <settings>
      <setting name="WorkDirectory" value="D:\Projects\Pluralsight\OdeToFood\OdeToFood.Tests\bin\Debug" />
      <setting name="NumberOfTestWorkers" value="8" />
    </settings>
    <properties>
      <property name="_PID" value="13744" />
      <property name="_APPDOMAIN" value="test-domain-" />
    </properties>
    <test-suite type="TestSuite" id="0-1002" name="OdeToFood" fullname="OdeToFood" runstate="Runnable" testcasecount="0" result="Passed" start-time="2016-02-12 17:09:12Z" end-time="2016-02-12 17:09:12Z" duration="0.005609" total="0" passed="0" failed="0" inconclusive="0" skipped="0" asserts="0">
      <test-suite type="TestSuite" id="0-1003" name="Tests" fullname="OdeToFood.Tests" runstate="Runnable" testcasecount="0" result="Passed" start-time="2016-02-12 17:09:12Z" end-time="2016-02-12 17:09:12Z" duration="0.005532" total="0" passed="0" failed="0" inconclusive="0" skipped="0" asserts="0">
        <test-suite type="TestFixture" id="0-1000" name="HomeControllerIndexTests" fullname="OdeToFood.Tests.HomeControllerIndexTests" classname="OdeToFood.Tests.HomeControllerIndexTests" runstate="Runnable" testcasecount="0" result="Passed" start-time="2016-02-12 17:09:12Z" end-time="2016-02-12 17:09:12Z" duration="0.001427" total="0" passed="0" failed="0" inconclusive="0" skipped="0" asserts="0" />
      </test-suite>
    </test-suite>
  </test-suite>
</test-run>